<?xml version="1.0" encoding="UTF-8"?>
<testsuite xmlns:xsi="http://www.w3.org/2001/XMLSchema-instance" xsi:noNamespaceSchemaLocation="https://maven.apache.org/surefire/maven-surefire-plugin/xsd/surefire-test-report.xsd" name="com.restaurant.command.ToBasketCommandTest" time="0.036" tests="1" errors="0" skipped="0" failures="0">
  <properties>
    <property name="java.specification.version" value="17"/>
    <property name="sun.cpu.isalist" value="amd64"/>
    <property name="sun.jnu.encoding" value="Cp1251"/>
    <property name="java.class.path" value="C:\Рабочая\IT\Study\restaurant\target\test-classes;C:\Рабочая\IT\Study\restaurant\target\classes;C:\Users\Сергей\.m2\repository\junit\junit\4.11\junit-4.11.jar;C:\Users\Сергей\.m2\repository\org\hamcrest\hamcrest-core\1.3\hamcrest-core-1.3.jar;C:\Users\Сергей\.m2\repository\javax\servlet\javax.servlet-api\4.0.1\javax.servlet-api-4.0.1.jar;C:\Users\Сергей\.m2\repository\jstl\jstl\1.2\jstl-1.2.jar;C:\Users\Сергей\.m2\repository\javax\servlet\jsp-api\2.0\jsp-api-2.0.jar;C:\Users\Сергей\.m2\repository\javax\servlet\servlet-api\2.4\servlet-api-2.4.jar;C:\Users\Сергей\.m2\repository\mysql\mysql-connector-java\8.0.27\mysql-connector-java-8.0.27.jar;C:\Users\Сергей\.m2\repository\com\google\protobuf\protobuf-java\3.11.4\protobuf-java-3.11.4.jar;C:\Users\Сергей\.m2\repository\commons-codec\commons-codec\1.9\commons-codec-1.9.jar;C:\Users\Сергей\.m2\repository\log4j\log4j\1.2.17\log4j-1.2.17.jar;C:\Users\Сергей\.m2\repository\org\apache\logging\log4j\log4j-api\2.17.1\log4j-api-2.17.1.jar;C:\Users\Сергей\.m2\repository\org\apache\logging\log4j\log4j-core\2.17.1\log4j-core-2.17.1.jar;C:\Users\Сергей\.m2\repository\org\mockito\mockito-core\4.3.1\mockito-core-4.3.1.jar;C:\Users\Сергей\.m2\repository\net\bytebuddy\byte-buddy\1.12.7\byte-buddy-1.12.7.jar;C:\Users\Сергей\.m2\repository\net\bytebuddy\byte-buddy-agent\1.12.7\byte-buddy-agent-1.12.7.jar;C:\Users\Сергей\.m2\repository\org\objenesis\objenesis\3.2\objenesis-3.2.jar;C:\Users\Сергей\.m2\repository\org\mockito\mockito-inline\4.3.1\mockito-inline-4.3.1.jar;"/>
    <property name="java.vm.vendor" value="Oracle Corporation"/>
    <property name="sun.arch.data.model" value="64"/>
    <property name="user.variant" value=""/>
    <property name="java.vendor.url" value="https://java.oracle.com/"/>
    <property name="user.timezone" value="Europe/Kiev"/>
    <property name="os.name" value="Windows 10"/>
    <property name="java.vm.specification.version" value="17"/>
    <property name="sun.java.launcher" value="SUN_STANDARD"/>
    <property name="user.country" value="RU"/>
    <property name="sun.boot.library.path" value="C:\Program Files\Java\jdk-17.0.1\bin"/>
    <property name="sun.java.command" value="C:\Users\D899~1\AppData\Local\Temp\surefire898985314605883052\surefirebooter18040343932726031342.jar C:\Users\Сергей\AppData\Local\Temp\surefire898985314605883052 2022-05-10T18-26-39_862-jvmRun1 surefire15542626381531775361tmp surefire_08943942935986820894tmp"/>
    <property name="jdk.debug" value="release"/>
    <property name="surefire.test.class.path" value="C:\Рабочая\IT\Study\restaurant\target\test-classes;C:\Рабочая\IT\Study\restaurant\target\classes;C:\Users\Сергей\.m2\repository\junit\junit\4.11\junit-4.11.jar;C:\Users\Сергей\.m2\repository\org\hamcrest\hamcrest-core\1.3\hamcrest-core-1.3.jar;C:\Users\Сергей\.m2\repository\javax\servlet\javax.servlet-api\4.0.1\javax.servlet-api-4.0.1.jar;C:\Users\Сергей\.m2\repository\jstl\jstl\1.2\jstl-1.2.jar;C:\Users\Сергей\.m2\repository\javax\servlet\jsp-api\2.0\jsp-api-2.0.jar;C:\Users\Сергей\.m2\repository\javax\servlet\servlet-api\2.4\servlet-api-2.4.jar;C:\Users\Сергей\.m2\repository\mysql\mysql-connector-java\8.0.27\mysql-connector-java-8.0.27.jar;C:\Users\Сергей\.m2\repository\com\google\protobuf\protobuf-java\3.11.4\protobuf-java-3.11.4.jar;C:\Users\Сергей\.m2\repository\commons-codec\commons-codec\1.9\commons-codec-1.9.jar;C:\Users\Сергей\.m2\repository\log4j\log4j\1.2.17\log4j-1.2.17.jar;C:\Users\Сергей\.m2\repository\org\apache\logging\log4j\log4j-api\2.17.1\log4j-api-2.17.1.jar;C:\Users\Сергей\.m2\repository\org\apache\logging\log4j\log4j-core\2.17.1\log4j-core-2.17.1.jar;C:\Users\Сергей\.m2\repository\org\mockito\mockito-core\4.3.1\mockito-core-4.3.1.jar;C:\Users\Сергей\.m2\repository\net\bytebuddy\byte-buddy\1.12.7\byte-buddy-1.12.7.jar;C:\Users\Сергей\.m2\repository\net\bytebuddy\byte-buddy-agent\1.12.7\byte-buddy-agent-1.12.7.jar;C:\Users\Сергей\.m2\repository\org\objenesis\objenesis\3.2\objenesis-3.2.jar;C:\Users\Сергей\.m2\repository\org\mockito\mockito-inline\4.3.1\mockito-inline-4.3.1.jar;"/>
    <property name="sun.cpu.endian" value="little"/>
    <property name="user.home" value="C:\Users\Сергей"/>
    <property name="user.language" value="ru"/>
    <property name="java.specification.vendor" value="Oracle Corporation"/>
    <property name="java.version.date" value="2021-10-19"/>
    <property name="java.home" value="C:\Program Files\Java\jdk-17.0.1"/>
    <property name="file.separator" value="\"/>
    <property name="basedir" value="C:\Рабочая\IT\Study\restaurant"/>
    <property name="java.vm.compressedOopsMode" value="Zero based"/>
    <property name="line.separator" value="&#10;"/>
    <property name="java.vm.specification.vendor" value="Oracle Corporation"/>
    <property name="java.specification.name" value="Java Platform API Specification"/>
    <property name="surefire.real.class.path" value="C:\Users\D899~1\AppData\Local\Temp\surefire898985314605883052\surefirebooter18040343932726031342.jar"/>
    <property name="user.script" value=""/>
    <property name="sun.management.compiler" value="HotSpot 64-Bit Tiered Compilers"/>
    <property name="java.runtime.version" value="17.0.1+12-LTS-39"/>
    <property name="user.name" value="Сергей"/>
    <property name="path.separator" value=";"/>
    <property name="os.version" value="10.0"/>
    <property name="java.runtime.name" value="Java(TM) SE Runtime Environment"/>
    <property name="file.encoding" value="Cp1251"/>
    <property name="java.vm.name" value="Java HotSpot(TM) 64-Bit Server VM"/>
    <property name="localRepository" value="C:\Users\Сергей\.m2\repository"/>
    <property name="java.vendor.url.bug" value="https://bugreport.java.com/bugreport/"/>
    <property name="java.io.tmpdir" value="C:\Users\D899~1\AppData\Local\Temp\"/>
    <property name="java.version" value="17.0.1"/>
    <property name="user.dir" value="C:\Рабочая\IT\Study\restaurant"/>
    <property name="os.arch" value="amd64"/>
    <property name="java.vm.specification.name" value="Java Virtual Machine Specification"/>
    <property name="sun.os.patch.level" value=""/>
    <property name="native.encoding" value="Cp1251"/>
    <property name="java.library.path" value="C:\Program Files\Java\jdk-17.0.1\bin;C:\Windows\Sun\Java\bin;C:\Windows\system32;C:\Windows;C:\Program Files\Common Files\Oracle\Java\javapath;C:\Windows\system32;C:\Windows;C:\Windows\System32\Wbem;C:\Windows\System32\WindowsPowerShell\v1.0\;C:\Windows\System32\OpenSSH\;C:\Program Files\Git\cmd;C:\Windows\System32;C:\Program Files\MySQL\MySQL Shell 8.0\bin\;C:\Users\Сергей\AppData\Local\Microsoft\WindowsApps;C:\Program Files\MySQL;C:\Windows\System32;C:\Project\apache-tomcat-10.0.16\bin;C:\Program Files\Java\jdk-17.0.1\bin;C:\Рабочая\IT\Tomcat\apache-tomcat-9.0.58\bin;;."/>
    <property name="java.vm.info" value="mixed mode, sharing"/>
    <property name="java.vendor" value="Oracle Corporation"/>
    <property name="java.vm.version" value="17.0.1+12-LTS-39"/>
    <property name="sun.io.unicode.encoding" value="UnicodeLittle"/>
    <property name="java.class.version" value="61.0"/>
  </properties>
  <testcase name="testToBasketCommand" classname="com.restaurant.command.ToBasketCommandTest" time="0.034"/>
</testsuite>